# JRE version: OpenJDK Runtime Environment Temurin-21.0.11+10 (21.0.11+10) (build 21.0.11+10-LTS)
# Java VM: OpenJDK 64-Bit Server VM Temurin-21.0.11+10 (21.0.11+10-LTS, mixed mode, sharing, tiered, compressed oops, compressed class ptrs, g1 gc, linux-amd64)
GC Precious Log:
 CardTable entry size: 512
 Card Set container configuration: InlinePtr #cards 3 size 8 Array Of Cards #cards 128 size 272 Howl #buckets 8 coarsen threshold 29491 Howl Bitmap #cards 4096 size 528 coarsen threshold 3686 Card regions per heap region 1 cards per card region 32768
 CPUs: 40 total, 40 available
 Memory: 376G
 Large Page Support: Disabled
 NUMA Support: Disabled
 Compressed Oops: Enabled (Zero based)
 Heap Region Size: 16M
 Heap Min Capacity: 16M
 Heap Initial Capacity: 2G
 Heap Max Capacity: 30688M
 Pre-touch: Disabled
 Parallel Workers: 28
 Concurrent Workers: 7
 Concurrent Refinement Workers: 28
 Periodic GC: Disabled
Heap:
 garbage-first heap   total 1720320K, used 1170891K [0x0000000082000000, 0x0000000800000000)
  region size 16384K, 54 young (884736K), 1 survivors (16384K)
 Metaspace       used 7620K, committed 7872K, reserved 1114112K
  class space    used 697K, committed 832K, reserved 1048576K
GC Heap History (20 events):
Event: 7192.226 GC heap before
{Heap before GC invocations=3900 (full 6):
 garbage-first heap   total 1720320K, used 1330479K [0x0000000082000000, 0x0000000800000000)
  region size 16384K, 63 young (1032192K), 1 survivors (16384K)
 Metaspace       used 7618K, committed 7872K, reserved 1114112K
  class space    used 697K, committed 832K, reserved 1048576K
}
Event: 7192.230 GC heap after
{Heap after GC invocations=3901 (full 6):
 garbage-first heap   total 1720320K, used 315141K [0x0000000082000000, 0x0000000800000000)
  region size 16384K, 1 young (16384K), 1 survivors (16384K)
 Metaspace       used 7618K, committed 7872K, reserved 1114112K
  class space    used 697K, committed 832K, reserved 1048576K
}
Event: 7193.412 GC heap before
{Heap before GC invocations=3901 (full 6):
 garbage-first heap   total 1720320K, used 1330949K [0x0000000082000000, 0x0000000800000000)
  region size 16384K, 63 young (1032192K), 1 survivors (16384K)
 Metaspace       used 7618K, committed 7872K, reserved 1114112K
  class space    used 697K, committed 832K, reserved 1048576K
}
Event: 7193.416 GC heap after
{Heap after GC invocations=3902 (full 6):
 garbage-first heap   total 1720320K, used 315534K [0x0000000082000000, 0x0000000800000000)
  region size 16384K, 1 young (16384K), 1 survivors (16384K)
 Metaspace       used 7618K, committed 7872K, reserved 1114112K
  class space    used 697K, committed 832K, reserved 1048576K
}
Event: 7194.678 GC heap before
{Heap before GC invocations=3902 (full 6):
 garbage-first heap   total 1720320K, used 1331342K [0x0000000082000000, 0x0000000800000000)
  region size 16384K, 63 young (1032192K), 1 survivors (16384K)
 Metaspace       used 7618K, committed 7872K, reserved 1114112K
  class space    used 697K, committed 832K, reserved 1048576K
}
Event: 7194.682 GC heap after
{Heap after GC invocations=3903 (full 6):
 garbage-first heap   total 1720320K, used 315941K [0x0000000082000000, 0x0000000800000000)
  region size 16384K, 1 young (16384K), 1 survivors (16384K)
 Metaspace       used 7618K, committed 7872K, reserved 1114112K
  class space    used 697K, committed 832K, reserved 1048576K
}
Event: 7195.842 GC heap before
{Heap before GC invocations=3903 (full 6):
 garbage-first heap   total 1720320K, used 1331749K [0x0000000082000000, 0x0000000800000000)
  region size 16384K, 63 young (1032192K), 1 survivors (16384K)
 Metaspace       used 7618K, committed 7872K, reserved 1114112K
  class space    used 697K, committed 832K, reserved 1048576K
}
Event: 7195.846 GC heap after
{Heap after GC invocations=3904 (full 6):
 garbage-first heap   total 1720320K, used 316692K [0x0000000082000000, 0x0000000800000000)
  region size 16384K, 1 young (16384K), 1 survivors (16384K)
 Metaspace       used 7618K, committed 7872K, reserved 1114112K
  class space    used 697K, committed 832K, reserved 1048576K
}
Event: 7196.968 GC heap before
{Heap before GC invocations=3904 (full 6):
 garbage-first heap   total 1720320K, used 1332500K [0x0000000082000000, 0x0000000800000000)
  region size 16384K, 63 young (1032192K), 1 survivors (16384K)
 Metaspace       used 7618K, committed 7872K, reserved 1114112K
  class space    used 697K, committed 832K, reserved 1048576K
}
Event: 7196.972 GC heap after
{Heap after GC invocations=3905 (full 6):
 garbage-first heap   total 1720320K, used 316838K [0x0000000082000000, 0x0000000800000000)
  region size 16384K, 1 young (16384K), 1 survivors (16384K)
 Metaspace       used 7618K, committed 7872K, reserved 1114112K
  class space    used 697K, committed 832K, reserved 1048576K
}
Event: 7198.088 GC heap before
{Heap before GC invocations=3905 (full 6):
 garbage-first heap   total 1720320K, used 1332646K [0x0000000082000000, 0x0000000800000000)
  region size 16384K, 63 young (1032192K), 1 survivors (16384K)
 Metaspace       used 7618K, committed 7872K, reserved 1114112K
  class space    used 697K, committed 832K, reserved 1048576K
}
Event: 7198.092 GC heap after
{Heap after GC invocations=3906 (full 6):
 garbage-first heap   total 1720320K, used 317238K [0x0000000082000000, 0x0000000800000000)
  region size 16384K, 1 young (16384K), 1 survivors (16384K)
 Metaspace       used 7618K, committed 7872K, reserved 1114112K
  class space    used 697K, committed 832K, reserved 1048576K
}
Event: 7199.345 GC heap before
{Heap before GC invocations=3906 (full 6):
 garbage-first heap   total 1720320K, used 1333046K [0x0000000082000000, 0x0000000800000000)
  region size 16384K, 63 young (1032192K), 1 survivors (16384K)
 Metaspace       used 7618K, committed 7872K, reserved 1114112K
  class space    used 697K, committed 832K, reserved 1048576K
}
Event: 7199.349 GC heap after
{Heap after GC invocations=3907 (full 6):
 garbage-first heap   total 1720320K, used 317665K [0x0000000082000000, 0x0000000800000000)
  region size 16384K, 1 young (16384K), 1 survivors (16384K)
 Metaspace       used 7618K, committed 7872K, reserved 1114112K
  class space    used 697K, committed 832K, reserved 1048576K
}
Event: 7200.556 GC heap before
{Heap before GC invocations=3907 (full 6):
 garbage-first heap   total 1720320K, used 1333473K [0x0000000082000000, 0x0000000800000000)
  region size 16384K, 63 young (1032192K), 1 survivors (16384K)
 Metaspace       used 7618K, committed 7872K, reserved 1114112K
  class space    used 697K, committed 832K, reserved 1048576K
}
Event: 7200.561 GC heap after
{Heap after GC invocations=3908 (full 6):
 garbage-first heap   total 1720320K, used 318277K [0x0000000082000000, 0x0000000800000000)
  region size 16384K, 1 young (16384K), 1 survivors (16384K)
 Metaspace       used 7618K, committed 7872K, reserved 1114112K
  class space    used 697K, committed 832K, reserved 1048576K
}
Event: 7201.701 GC heap before
{Heap before GC invocations=3908 (full 6):
 garbage-first heap   total 1720320K, used 1334085K [0x0000000082000000, 0x0000000800000000)
  region size 16384K, 63 young (1032192K), 1 survivors (16384K)
 Metaspace       used 7618K, committed 7872K, reserved 1114112K
  class space    used 697K, committed 832K, reserved 1048576K
}
Event: 7201.705 GC heap after
{Heap after GC invocations=3909 (full 6):
 garbage-first heap   total 1720320K, used 318768K [0x0000000082000000, 0x0000000800000000)
  region size 16384K, 1 young (16384K), 1 survivors (16384K)
 Metaspace       used 7618K, committed 7872K, reserved 1114112K
  class space    used 697K, committed 832K, reserved 1048576K
}
Event: 7202.874 GC heap before
{Heap before GC invocations=3909 (full 6):
 garbage-first heap   total 1720320K, used 1334576K [0x0000000082000000, 0x0000000800000000)
  region size 16384K, 63 young (1032192K), 1 survivors (16384K)
 Metaspace       used 7618K, committed 7872K, reserved 1114112K
  class space    used 697K, committed 832K, reserved 1048576K
}
Event: 7202.878 GC heap after
{Heap after GC invocations=3910 (full 6):
 garbage-first heap   total 1720320K, used 318923K [0x0000000082000000, 0x0000000800000000)
  region size 16384K, 1 young (16384K), 1 survivors (16384K)
 Metaspace       used 7618K, committed 7872K, reserved 1114112K
  class space    used 697K, committed 832K, reserved 1048576K
}

