# JRE version: OpenJDK Runtime Environment Temurin-21.0.11+10 (21.0.11+10) (build 21.0.11+10-LTS)
# Java VM: OpenJDK 64-Bit Server VM Temurin-21.0.11+10 (21.0.11+10-LTS, mixed mode, sharing, tiered, compressed oops, compressed class ptrs, g1 gc, linux-amd64)
GC Precious Log:
 CardTable entry size: 512
 Card Set container configuration: InlinePtr #cards 3 size 8 Array Of Cards #cards 128 size 272 Howl #buckets 8 coarsen threshold 29491 Howl Bitmap #cards 4096 size 528 coarsen threshold 3686 Card regions per heap region 1 cards per card region 32768
 CPUs: 40 total, 40 available
 Memory: 376G
 Large Page Support: Disabled
 NUMA Support: Disabled
 Compressed Oops: Enabled (Zero based)
 Heap Region Size: 16M
 Heap Min Capacity: 16M
 Heap Initial Capacity: 2G
 Heap Max Capacity: 30688M
 Pre-touch: Disabled
 Parallel Workers: 28
 Concurrent Workers: 7
 Concurrent Refinement Workers: 28
 Periodic GC: Disabled
Heap:
 garbage-first heap   total 327680K, used 26503K [0x0000000082000000, 0x0000000800000000)
  region size 16384K, 2 young (32768K), 0 survivors (0K)
 Metaspace       used 7462K, committed 7616K, reserved 1114112K
  class space    used 712K, committed 768K, reserved 1048576K
GC Heap History (16 events):
Event: 0.120 GC heap before
{Heap before GC invocations=0 (full 0):
 garbage-first heap   total 2113536K, used 999K [0x0000000082000000, 0x0000000800000000)
  region size 16384K, 1 young (16384K), 0 survivors (0K)
 Metaspace       used 1380K, committed 1472K, reserved 1114112K
  class space    used 133K, committed 192K, reserved 1048576K
}
Event: 0.142 GC heap after
{Heap after GC invocations=1 (full 1):
 garbage-first heap   total 114688K, used 3389K [0x0000000082000000, 0x0000000800000000)
  region size 16384K, 0 young (0K), 0 survivors (0K)
 Metaspace       used 1380K, committed 1472K, reserved 1114112K
  class space    used 133K, committed 192K, reserved 1048576K
}
Event: 0.926 GC heap before
{Heap before GC invocations=1 (full 1):
 garbage-first heap   total 114688K, used 19773K [0x0000000082000000, 0x0000000800000000)
  region size 16384K, 1 young (16384K), 0 survivors (0K)
 Metaspace       used 2000K, committed 2176K, reserved 1114112K
  class space    used 184K, committed 256K, reserved 1048576K
}
Event: 0.932 GC heap after
{Heap after GC invocations=2 (full 1):
 garbage-first heap   total 114688K, used 7421K [0x0000000082000000, 0x0000000800000000)
  region size 16384K, 1 young (16384K), 1 survivors (16384K)
 Metaspace       used 2000K, committed 2176K, reserved 1114112K
  class space    used 184K, committed 256K, reserved 1048576K
}
Event: 1.874 GC heap before
{Heap before GC invocations=2 (full 1):
 garbage-first heap   total 114688K, used 23805K [0x0000000082000000, 0x0000000800000000)
  region size 16384K, 2 young (32768K), 1 survivors (16384K)
 Metaspace       used 5483K, committed 5632K, reserved 1114112K
  class space    used 546K, committed 640K, reserved 1048576K
}
Event: 1.886 GC heap after
{Heap after GC invocations=3 (full 1):
 garbage-first heap   total 114688K, used 8480K [0x0000000082000000, 0x0000000800000000)
  region size 16384K, 1 young (16384K), 1 survivors (16384K)
 Metaspace       used 5483K, committed 5632K, reserved 1114112K
  class space    used 546K, committed 640K, reserved 1048576K
}
Event: 1.935 GC heap before
{Heap before GC invocations=3 (full 1):
 garbage-first heap   total 114688K, used 24864K [0x0000000082000000, 0x0000000800000000)
  region size 16384K, 2 young (32768K), 1 survivors (16384K)
 Metaspace       used 5895K, committed 6144K, reserved 1114112K
  class space    used 588K, committed 704K, reserved 1048576K
}
Event: 1.942 GC heap after
{Heap after GC invocations=4 (full 1):
 garbage-first heap   total 114688K, used 11894K [0x0000000082000000, 0x0000000800000000)
  region size 16384K, 1 young (16384K), 1 survivors (16384K)
 Metaspace       used 5895K, committed 6144K, reserved 1114112K
  class space    used 588K, committed 704K, reserved 1048576K
}
Event: 2.071 GC heap before
{Heap before GC invocations=4 (full 1):
 garbage-first heap   total 114688K, used 11894K [0x0000000082000000, 0x0000000800000000)
  region size 16384K, 2 young (32768K), 1 survivors (16384K)
 Metaspace       used 5899K, committed 6144K, reserved 1114112K
  class space    used 588K, committed 704K, reserved 1048576K
}
Event: 2.104 GC heap after
{Heap after GC invocations=5 (full 2):
 garbage-first heap   total 65536K, used 10822K [0x0000000082000000, 0x0000000800000000)
  region size 16384K, 0 young (0K), 0 survivors (0K)
 Metaspace       used 5899K, committed 6144K, reserved 1114112K
  class space    used 588K, committed 704K, reserved 1048576K
}
Event: 2.199 GC heap before
{Heap before GC invocations=5 (full 2):
 garbage-first heap   total 65536K, used 27206K [0x0000000082000000, 0x0000000800000000)
  region size 16384K, 1 young (16384K), 0 survivors (0K)
 Metaspace       used 6477K, committed 6656K, reserved 1114112K
  class space    used 622K, committed 704K, reserved 1048576K
}
Event: 2.202 GC heap after
{Heap after GC invocations=6 (full 2):
 garbage-first heap   total 65536K, used 12160K [0x0000000082000000, 0x0000000800000000)
  region size 16384K, 1 young (16384K), 1 survivors (16384K)
 Metaspace       used 6477K, committed 6656K, reserved 1114112K
  class space    used 622K, committed 704K, reserved 1048576K
}
Event: 2.302 GC heap before
{Heap before GC invocations=6 (full 2):
 garbage-first heap   total 65536K, used 28544K [0x0000000082000000, 0x0000000800000000)
  region size 16384K, 2 young (32768K), 1 survivors (16384K)
 Metaspace       used 7010K, committed 7232K, reserved 1114112K
  class space    used 663K, committed 768K, reserved 1048576K
}
Event: 2.309 GC heap after
{Heap after GC invocations=7 (full 2):
 garbage-first heap   total 1081344K, used 11569K [0x0000000082000000, 0x0000000800000000)
  region size 16384K, 1 young (16384K), 1 survivors (16384K)
 Metaspace       used 7010K, committed 7232K, reserved 1114112K
  class space    used 663K, committed 768K, reserved 1048576K
}
Event: 2.464 GC heap before
{Heap before GC invocations=7 (full 2):
 garbage-first heap   total 1081344K, used 60721K [0x0000000082000000, 0x0000000800000000)
  region size 16384K, 5 young (81920K), 1 survivors (16384K)
 Metaspace       used 7041K, committed 7232K, reserved 1114112K
  class space    used 664K, committed 768K, reserved 1048576K
}
Event: 2.500 GC heap after
{Heap after GC invocations=8 (full 3):
 garbage-first heap   total 327680K, used 10119K [0x0000000082000000, 0x0000000800000000)
  region size 16384K, 0 young (0K), 0 survivors (0K)
 Metaspace       used 7041K, committed 7232K, reserved 1114112K
  class space    used 664K, committed 768K, reserved 1048576K
}

