# JRE version: OpenJDK Runtime Environment Temurin-21.0.11+10 (21.0.11+10) (build 21.0.11+10-LTS)
# Java VM: OpenJDK 64-Bit Server VM Temurin-21.0.11+10 (21.0.11+10-LTS, mixed mode, sharing, tiered, compressed oops, compressed class ptrs, g1 gc, linux-amd64)
GC Precious Log:
 CardTable entry size: 512
 Card Set container configuration: InlinePtr #cards 3 size 8 Array Of Cards #cards 128 size 272 Howl #buckets 8 coarsen threshold 29491 Howl Bitmap #cards 4096 size 528 coarsen threshold 3686 Card regions per heap region 1 cards per card region 32768
 CPUs: 40 total, 40 available
 Memory: 376G
 Large Page Support: Disabled
 NUMA Support: Disabled
 Compressed Oops: Enabled (Zero based)
 Heap Region Size: 16M
 Heap Min Capacity: 16M
 Heap Initial Capacity: 2G
 Heap Max Capacity: 30688M
 Pre-touch: Disabled
 Parallel Workers: 28
 Concurrent Workers: 7
 Concurrent Refinement Workers: 28
 Periodic GC: Disabled
Heap:
 garbage-first heap   total 1212416K, used 251780K [0x0000000082000000, 0x0000000800000000)
  region size 16384K, 5 young (81920K), 1 survivors (16384K)
 Metaspace       used 8596K, committed 8832K, reserved 1114112K
  class space    used 787K, committed 896K, reserved 1048576K
GC Heap History (20 events):
Event: 2547.668 GC heap before
{Heap before GC invocations=28 (full 9):
 garbage-first heap   total 1114112K, used 95122K [0x0000000082000000, 0x0000000800000000)
  region size 16384K, 3 young (49152K), 1 survivors (16384K)
 Metaspace       used 8505K, committed 8768K, reserved 1114112K
  class space    used 786K, committed 896K, reserved 1048576K
}
Event: 2547.674 GC heap after
{Heap after GC invocations=29 (full 9):
 garbage-first heap   total 1114112K, used 28162K [0x0000000082000000, 0x0000000800000000)
  region size 16384K, 1 young (16384K), 1 survivors (16384K)
 Metaspace       used 8505K, committed 8768K, reserved 1114112K
  class space    used 786K, committed 896K, reserved 1048576K
}
Event: 2547.708 GC heap before
{Heap before GC invocations=29 (full 9):
 garbage-first heap   total 1114112K, used 60930K [0x0000000082000000, 0x0000000800000000)
  region size 16384K, 3 young (49152K), 1 survivors (16384K)
 Metaspace       used 8515K, committed 8768K, reserved 1114112K
  class space    used 786K, committed 896K, reserved 1048576K
}
Event: 2547.709 GC heap after
{Heap after GC invocations=30 (full 9):
 garbage-first heap   total 1114112K, used 28716K [0x0000000082000000, 0x0000000800000000)
  region size 16384K, 1 young (16384K), 1 survivors (16384K)
 Metaspace       used 8515K, committed 8768K, reserved 1114112K
  class space    used 786K, committed 896K, reserved 1048576K
}
Event: 2547.781 GC heap before
{Heap before GC invocations=30 (full 9):
 garbage-first heap   total 1114112K, used 127020K [0x0000000082000000, 0x0000000800000000)
  region size 16384K, 3 young (49152K), 1 survivors (16384K)
 Metaspace       used 8536K, committed 8768K, reserved 1114112K
  class space    used 786K, committed 896K, reserved 1048576K
}
Event: 2547.784 GC heap after
{Heap after GC invocations=31 (full 9):
 garbage-first heap   total 1114112K, used 105753K [0x0000000082000000, 0x0000000800000000)
  region size 16384K, 1 young (16384K), 1 survivors (16384K)
 Metaspace       used 8536K, committed 8768K, reserved 1114112K
  class space    used 786K, committed 896K, reserved 1048576K
}
Event: 2547.840 GC heap before
{Heap before GC invocations=31 (full 9):
 garbage-first heap   total 1114112K, used 105753K [0x0000000082000000, 0x0000000800000000)
  region size 16384K, 2 young (32768K), 1 survivors (16384K)
 Metaspace       used 8539K, committed 8768K, reserved 1114112K
  class space    used 786K, committed 896K, reserved 1048576K
}
Event: 2547.910 GC heap after
{Heap after GC invocations=32 (full 10):
 garbage-first heap   total 327680K, used 81137K [0x0000000082000000, 0x0000000800000000)
  region size 16384K, 0 young (0K), 0 survivors (0K)
 Metaspace       used 8539K, committed 8768K, reserved 1114112K
  class space    used 786K, committed 896K, reserved 1048576K
}
Event: 2548.240 GC heap before
{Heap before GC invocations=32 (full 10):
 garbage-first heap   total 327680K, used 97521K [0x0000000082000000, 0x0000000800000000)
  region size 16384K, 1 young (16384K), 0 survivors (0K)
 Metaspace       used 8539K, committed 8768K, reserved 1114112K
  class space    used 786K, committed 896K, reserved 1048576K
}
Event: 2548.248 GC heap after
{Heap after GC invocations=33 (full 10):
 garbage-first heap   total 327680K, used 97652K [0x0000000082000000, 0x0000000800000000)
  region size 16384K, 1 young (16384K), 1 survivors (16384K)
 Metaspace       used 8539K, committed 8768K, reserved 1114112K
  class space    used 786K, committed 896K, reserved 1048576K
}
Event: 2549.547 GC heap before
{Heap before GC invocations=33 (full 10):
 garbage-first heap   total 327680K, used 114036K [0x0000000082000000, 0x0000000800000000)
  region size 16384K, 2 young (32768K), 1 survivors (16384K)
 Metaspace       used 8539K, committed 8768K, reserved 1114112K
  class space    used 786K, committed 896K, reserved 1048576K
}
Event: 2549.576 GC heap after
{Heap after GC invocations=34 (full 10):
 garbage-first heap   total 1212416K, used 103628K [0x0000000082000000, 0x0000000800000000)
  region size 16384K, 1 young (16384K), 1 survivors (16384K)
 Metaspace       used 8539K, committed 8768K, reserved 1114112K
  class space    used 786K, committed 896K, reserved 1048576K
}
Event: 2553.156 GC heap before
{Heap before GC invocations=34 (full 10):
 garbage-first heap   total 1212416K, used 136396K [0x0000000082000000, 0x0000000800000000)
  region size 16384K, 3 young (49152K), 1 survivors (16384K)
 Metaspace       used 8539K, committed 8768K, reserved 1114112K
  class space    used 786K, committed 896K, reserved 1048576K
}
Event: 2553.163 GC heap after
{Heap after GC invocations=35 (full 10):
 garbage-first heap   total 1212416K, used 102514K [0x0000000082000000, 0x0000000800000000)
  region size 16384K, 1 young (16384K), 1 survivors (16384K)
 Metaspace       used 8539K, committed 8768K, reserved 1114112K
  class space    used 786K, committed 896K, reserved 1048576K
}
Event: 2555.312 GC heap before
{Heap before GC invocations=35 (full 10):
 garbage-first heap   total 1212416K, used 200818K [0x0000000082000000, 0x0000000800000000)
  region size 16384K, 3 young (49152K), 1 survivors (16384K)
 Metaspace       used 8539K, committed 8768K, reserved 1114112K
  class space    used 786K, committed 896K, reserved 1048576K
}
Event: 2555.329 GC heap after
{Heap after GC invocations=36 (full 10):
 garbage-first heap   total 1212416K, used 182699K [0x0000000082000000, 0x0000000800000000)
  region size 16384K, 1 young (16384K), 1 survivors (16384K)
 Metaspace       used 8539K, committed 8768K, reserved 1114112K
  class space    used 786K, committed 896K, reserved 1048576K
}
Event: 2555.469 GC heap before
{Heap before GC invocations=36 (full 10):
 garbage-first heap   total 1212416K, used 215467K [0x0000000082000000, 0x0000000800000000)
  region size 16384K, 3 young (49152K), 1 survivors (16384K)
 Metaspace       used 8589K, committed 8832K, reserved 1114112K
  class space    used 786K, committed 896K, reserved 1048576K
}
Event: 2555.474 GC heap after
{Heap after GC invocations=37 (full 10):
 garbage-first heap   total 1212416K, used 138118K [0x0000000082000000, 0x0000000800000000)
  region size 16384K, 1 young (16384K), 1 survivors (16384K)
 Metaspace       used 8589K, committed 8832K, reserved 1114112K
  class space    used 786K, committed 896K, reserved 1048576K
}
Event: 2555.499 GC heap before
{Heap before GC invocations=37 (full 10):
 garbage-first heap   total 1212416K, used 170886K [0x0000000082000000, 0x0000000800000000)
  region size 16384K, 3 young (49152K), 1 survivors (16384K)
 Metaspace       used 8592K, committed 8832K, reserved 1114112K
  class space    used 786K, committed 896K, reserved 1048576K
}
Event: 2555.501 GC heap after
{Heap after GC invocations=38 (full 10):
 garbage-first heap   total 1212416K, used 137092K [0x0000000082000000, 0x0000000800000000)
  region size 16384K, 1 young (16384K), 1 survivors (16384K)
 Metaspace       used 8592K, committed 8832K, reserved 1114112K
  class space    used 786K, committed 896K, reserved 1048576K
}

